SF:lib/infra/env/dotenv_adapter.dart
DA:12,1
DA:17,1
DA:20,1
DA:21,1
DA:22,1
DA:23,2
DA:24,2
DA:25,2
DA:26,0
DA:30,1
DA:31,1
DA:33,1
DA:34,1
DA:36,1
DA:37,1
DA:39,1
DA:40,1
DA:42,1
DA:43,1
DA:45,1
DA:46,1
DA:48,1
DA:49,1
DA:51,1
DA:53,2
DA:54,2
LF:26
LH:25
end_of_record
SF:lib/data_source/clarifai_data_source_dto.dart
DA:5,1
DA:10,1
DA:11,1
DA:12,1
DA:13,1
DA:14,2
DA:15,1
DA:16,2
DA:17,1
DA:18,1
DA:27,1
DA:28,1
DA:32,1
DA:33,1
DA:34,1
DA:35,1
DA:36,1
DA:40,1
DA:43,1
DA:44,1
DA:45,1
DA:46,1
DA:51,1
DA:54,1
DA:55,1
DA:56,1
DA:57,1
DA:62,1
DA:65,1
DA:67,2
DA:68,2
DA:69,3
LF:32
LH:32
end_of_record
