SF:lib/data_source/clarifai_data_source_dto.dart
DA:5,1
DA:8,1
DA:9,1
DA:10,1
DA:11,1
DA:12,2
DA:13,1
DA:14,2
DA:15,1
DA:16,1
DA:25,1
DA:26,1
DA:30,1
DA:31,1
DA:32,1
DA:33,1
DA:34,1
DA:38,1
DA:41,1
DA:42,1
DA:43,1
DA:44,1
DA:49,1
DA:52,1
DA:53,1
DA:54,1
DA:55,1
DA:60,1
DA:63,1
DA:65,2
DA:66,2
DA:67,3
LF:32
LH:32
end_of_record
SF:lib/infra/env/dotenv_adapter.dart
DA:9,1
DA:10,1
DA:11,1
DA:14,1
DA:15,1
DA:16,2
DA:17,2
DA:18,2
DA:19,0
DA:23,1
DA:24,1
DA:26,1
DA:27,1
DA:29,1
DA:30,1
DA:32,1
DA:33,1
DA:35,1
DA:36,1
DA:38,1
DA:39,1
DA:41,1
DA:42,1
DA:44,1
DA:46,2
DA:47,2
LF:26
LH:25
end_of_record
