SF:lib/domain/core/food_recognition_id_value_object.dart
DA:8,4
DA:9,4
DA:12,2
LF:3
LH:3
end_of_record
SF:lib/domain/core/food_recognition_name_value_object.dart
DA:10,2
DA:11,2
DA:12,4
DA:13,4
DA:16,4
DA:19,2
LF:6
LH:6
end_of_record
SF:lib/domain/entities/food_recognition.dart
DA:11,2
DA:17,2
DA:18,2
DA:19,2
DA:20,2
LF:5
LH:5
end_of_record
SF:lib/infra/repository/food_recognition_dto.dart
DA:11,2
DA:16,2
DA:17,1
DA:18,2
DA:19,1
DA:22,0
DA:23,0
DA:24,0
DA:25,0
LF:9
LH:5
end_of_record
SF:lib/data_source/food_recognition_data_source_http.dart
DA:12,1
DA:20,1
DA:21,2
DA:22,2
DA:23,2
DA:24,2
DA:27,2
LF:7
LH:7
end_of_record
SF:lib/domain/entities/food_recognition_ingredients.dart
DA:8,2
DA:9,2
DA:11,8
DA:12,4
DA:13,2
DA:16,2
DA:18,2
DA:19,4
LF:8
LH:8
end_of_record
SF:lib/infra/repository/food_recognition_repository_http.dart
DA:14,1
DA:20,1
DA:24,2
DA:26,2
DA:30,3
DA:31,1
DA:33,2
DA:34,1
DA:35,1
DA:36,1
DA:37,1
DA:38,1
DA:39,1
DA:42,1
LF:14
LH:14
end_of_record
SF:lib/utils/foods.dart
DA:1,6
LF:1
LH:1
end_of_record
SF:lib/application/food_recognition_atom.dart
DA:5,3
LF:1
LH:1
end_of_record
SF:lib/application/food_recognition_reducer.dart
DA:8,1
DA:11,1
DA:14,1
DA:15,3
DA:16,2
DA:17,1
DA:18,4
DA:22,4
LF:8
LH:8
end_of_record
SF:lib/application/food_recognition_state.dart
DA:8,3
DA:12,1
DA:18,1
DA:26,1
DA:31,1
DA:37,3
DA:40,0
DA:41,0
DA:48,2
DA:52,1
DA:58,3
DA:61,0
DA:62,0
LF:13
LH:9
end_of_record
