SF:lib/domain/entities/food_recognition.dart
DA:7,2
DA:12,2
DA:13,2
DA:14,2
DA:15,2
LF:5
LH:5
end_of_record
SF:lib/infra/gateway/food_recognition_gateway_http.dart
DA:18,1
DA:24,1
DA:25,1
DA:26,1
DA:27,1
DA:30,1
DA:34,2
DA:36,2
DA:37,2
DA:38,2
DA:39,2
DA:41,2
DA:44,2
DA:45,1
DA:46,1
DA:47,1
DA:48,1
DA:49,1
DA:50,1
DA:53,1
LF:20
LH:20
end_of_record
SF:lib/application/food_recognition_atom.dart
DA:5,3
LF:1
LH:1
end_of_record
SF:lib/application/food_recognition_reducer.dart
DA:8,1
DA:11,1
DA:14,1
DA:15,2
DA:16,2
DA:17,1
DA:18,4
DA:21,4
LF:8
LH:8
end_of_record
SF:lib/application/food_recognition_state.dart
DA:9,4
DA:13,1
DA:17,1
DA:24,1
DA:28,1
DA:34,3
DA:37,0
DA:38,0
DA:45,2
DA:49,1
DA:55,3
DA:58,0
DA:59,0
LF:13
LH:9
end_of_record
